  ADDR  |  HEX  |      BINARY      |  LN  |  ASSEMBLY
        |       |                  |    1 | .ORIG x3000
        |       |                  |    2 | ;store player pos in posx posy posz 
 x3000  | xF031 | 1111000000110001 |    3 | TRAP 0x31 
 x3001  | xB02F | 1011000000101111 |    4 | STI R0, posx 
 x3002  | xB22F | 1011001000101111 |    5 | STI R1, posy 
 x3003  | xB42F | 1011010000101111 |    6 | STI R2, posz
        |       |                  |    7 | 
        |       |                  |    8 | ;load values
 x3004  | x222F | 0010001000101111 |    9 | LD R1, G_X 
 x3005  | xA42B | 1010010000101011 |   10 | LDI R2, posx 
        |       |                  |   11 | 
        |       |                  |   12 | ;|(playerPos.x - G_X)| STORE IN R3 
 x3006  | x927F | 1001001001111111 |   13 | NOT R1, R1 
 x3007  | x1261 | 0001001001100001 |   14 | ADD R1, R1, #1 
 x3008  | x1481 | 0001010010000001 |   15 | ADD R2, R2, R1 
 x3009  | x0202 | 0000001000000010 |   16 | BRp POS
 x300A  | x94BF | 1001010010111111 |   17 | NOT R2, R2 
 x300B  | x14A1 | 0001010010100001 |   18 | ADD R2, R2, #1 
        |       |                  |   19 | POS 
        |       |                  |   20 | 
 x300C  | x56E0 | 0101011011100000 |   21 | AND R3, R3, #0 
 x300D  | x16C2 | 0001011011000010 |   22 | ADD R3, R3, R2
        |       |                  |   23 | 
        |       |                  |   24 | ;load values
 x300E  | x2226 | 0010001000100110 |   25 | LD R1, G_Y
 x300F  | xA422 | 1010010000100010 |   26 | LDI R2, posy 
        |       |                  |   27 | 
        |       |                  |   28 | ;(playerPos.y - G_Y)| STORE IN R4
 x3010  | x927F | 1001001001111111 |   29 | NOT R1, R1 
 x3011  | x1261 | 0001001001100001 |   30 | ADD R1, R1, #1 
 x3012  | x1481 | 0001010010000001 |   31 | ADD R2, R2, R1 
 x3013  | x0202 | 0000001000000010 |   32 | BRp POS1 
 x3014  | x94BF | 1001010010111111 |   33 | NOT R2, R2 
 x3015  | x14A1 | 0001010010100001 |   34 | ADD R2, R2, #1 
        |       |                  |   35 | POS1
        |       |                  |   36 | 
 x3016  | x5920 | 0101100100100000 |   37 | AND R4, R4, #0 
 x3017  | x1902 | 0001100100000010 |   38 | ADD R4, R4, R2
        |       |                  |   39 | 
        |       |                  |   40 | ;LOAD values
 x3018  | x221D | 0010001000011101 |   41 | LD R1, G_Z
 x3019  | xA419 | 1010010000011001 |   42 | LDI R2, posz 
        |       |                  |   43 | 
        |       |                  |   44 | ;|(playerPos.z - G_Z)| STORE IN R5
 x301A  | x927F | 1001001001111111 |   45 | NOT R1, R1 
 x301B  | x1261 | 0001001001100001 |   46 | ADD R1, R1, #1 
 x301C  | x1481 | 0001010010000001 |   47 | ADD R2, R2, R1 
 x301D  | x0202 | 0000001000000010 |   48 | BRp POS2
 x301E  | x94BF | 1001010010111111 |   49 | NOT R2, R2 
 x301F  | x14A1 | 0001010010100001 |   50 | ADD R2, R2, #1 
        |       |                  |   51 | POS2 
        |       |                  |   52 | 
 x3020  | x5B60 | 0101101101100000 |   53 | AND R5, R5, #0 
 x3021  | x1B42 | 0001101101000010 |   54 | ADD R5, R5, R2
        |       |                  |   55 | 
        |       |                  |   56 | ;dmanhattan = |(playerPos.x - G_X)| + |(playerPos.y - G_Y)|+ |(playerPos.z - G_Z)| STORED IN R6
 x3022  | x5DA0 | 0101110110100000 |   57 | AND R6, R6, #0 
 x3023  | x1D83 | 0001110110000011 |   58 | ADD R6, R6, R3
 x3024  | x1D84 | 0001110110000100 |   59 | ADD R6, R6, R4
 x3025  | x1D85 | 0001110110000101 |   60 | ADD R6, R6, R5
        |       |                  |   61 | 
        |       |                  |   62 | ;CHECK IF WITHIN BOUNDS 
 x3026  | x2210 | 0010001000010000 |   63 | LD R1, GOAL_DIST 
 x3027  | x9DBF | 1001110110111111 |   64 | NOT R6, R6 
 x3028  | x1DA1 | 0001110110100001 |   65 | ADD R6, R6, #1 
 x3029  | x1C46 | 0001110001000110 |   66 | ADD R6, R1, R6 
 x302A  | x0603 | 0000011000000011 |   67 | BRzp INBOUNDS
        |       |                  |   68 | 
 x302B  | xE00C | 1110000000001100 |   69 | LEA R0, OUTSIDE 
 x302C  | xF030 | 1111000000110000 |   70 | TRAP 0x30 
 x302D  | x0E02 | 0000111000000010 |   71 | BR END 
        |       |                  |   72 | 
        |       |                  |   73 | INBOUNDS 
 x302E  | xE02F | 1110000000101111 |   74 | LEA R0, WITHIN 
 x302F  | xF030 | 1111000000110000 |   75 | TRAP 0x30 
        |       |                  |   76 | 
        |       |                  |   77 | END
        |       |                  |   78 | 
 x3030  | xF025 | 1111000000100101 |   79 | HALT
        |       |                  |   80 | 
        |       |                  |   81 | ; Note: Please do not change the names of the constants below
 x3031  | x3100 | 0011000100000000 |   82 | posx .FILL x3100
 x3032  | x3101 | 0011000100000001 |   83 | posy .FILL x3101 
 x3033  | x3102 | 0011000100000010 |   84 | posz .FILL x3102 
        |       |                  |   85 | 
 x3034  | x000A | 0000000000001010 |   86 | G_X .FILL #10
 x3035  | x000A | 0000000000001010 |   87 | G_Y .FILL #10
 x3036  | x000A | 0000000000001010 |   88 | G_Z .FILL #10
 x3037  | x000A | 0000000000001010 |   89 | GOAL_DIST .FILL #10
        |       |                  |   90 | 
 x3038  | x0054 | 0000000001010100 |   91 | OUTSIDE .STRINGZ "The player is outside the goal bounds"
        | x0068 | 0000000001101000 |      |
        | x0065 | 0000000001100101 |      |
        | x0020 | 0000000000100000 |      |
        | x0070 | 0000000001110000 |      |
        | x006C | 0000000001101100 |      |
        | x0061 | 0000000001100001 |      |
        | x0079 | 0000000001111001 |      |
        | x0065 | 0000000001100101 |      |
        | x0072 | 0000000001110010 |      |
        | x0020 | 0000000000100000 |      |
        | x0069 | 0000000001101001 |      |
        | x0073 | 0000000001110011 |      |
        | x0020 | 0000000000100000 |      |
        | x006F | 0000000001101111 |      |
        | x0075 | 0000000001110101 |      |
        | x0074 | 0000000001110100 |      |
        | x0073 | 0000000001110011 |      |
        | x0069 | 0000000001101001 |      |
        | x0064 | 0000000001100100 |      |
        | x0065 | 0000000001100101 |      |
        | x0020 | 0000000000100000 |      |
        | x0074 | 0000000001110100 |      |
        | x0068 | 0000000001101000 |      |
        | x0065 | 0000000001100101 |      |
        | x0020 | 0000000000100000 |      |
        | x0067 | 0000000001100111 |      |
        | x006F | 0000000001101111 |      |
        | x0061 | 0000000001100001 |      |
        | x006C | 0000000001101100 |      |
        | x0020 | 0000000000100000 |      |
        | x0062 | 0000000001100010 |      |
        | x006F | 0000000001101111 |      |
        | x0075 | 0000000001110101 |      |
        | x006E | 0000000001101110 |      |
        | x0064 | 0000000001100100 |      |
        | x0073 | 0000000001110011 |      |
        | x0000 | 0000000000000000 |      |
 x305E  | x0054 | 0000000001010100 |   92 | WITHIN .STRINGZ "The player is within Manhattan distance of the goal"
        | x0068 | 0000000001101000 |      |
        | x0065 | 0000000001100101 |      |
        | x0020 | 0000000000100000 |      |
        | x0070 | 0000000001110000 |      |
        | x006C | 0000000001101100 |      |
        | x0061 | 0000000001100001 |      |
        | x0079 | 0000000001111001 |      |
        | x0065 | 0000000001100101 |      |
        | x0072 | 0000000001110010 |      |
        | x0020 | 0000000000100000 |      |
        | x0069 | 0000000001101001 |      |
        | x0073 | 0000000001110011 |      |
        | x0020 | 0000000000100000 |      |
        | x0077 | 0000000001110111 |      |
        | x0069 | 0000000001101001 |      |
        | x0074 | 0000000001110100 |      |
        | x0068 | 0000000001101000 |      |
        | x0069 | 0000000001101001 |      |
        | x006E | 0000000001101110 |      |
        | x0020 | 0000000000100000 |      |
        | x004D | 0000000001001101 |      |
        | x0061 | 0000000001100001 |      |
        | x006E | 0000000001101110 |      |
        | x0068 | 0000000001101000 |      |
        | x0061 | 0000000001100001 |      |
        | x0074 | 0000000001110100 |      |
        | x0074 | 0000000001110100 |      |
        | x0061 | 0000000001100001 |      |
        | x006E | 0000000001101110 |      |
        | x0020 | 0000000000100000 |      |
        | x0064 | 0000000001100100 |      |
        | x0069 | 0000000001101001 |      |
        | x0073 | 0000000001110011 |      |
        | x0074 | 0000000001110100 |      |
        | x0061 | 0000000001100001 |      |
        | x006E | 0000000001101110 |      |
        | x0063 | 0000000001100011 |      |
        | x0065 | 0000000001100101 |      |
        | x0020 | 0000000000100000 |      |
        | x006F | 0000000001101111 |      |
        | x0066 | 0000000001100110 |      |
        | x0020 | 0000000000100000 |      |
        | x0074 | 0000000001110100 |      |
        | x0068 | 0000000001101000 |      |
        | x0065 | 0000000001100101 |      |
        | x0020 | 0000000000100000 |      |
        | x0067 | 0000000001100111 |      |
        | x006F | 0000000001101111 |      |
        | x0061 | 0000000001100001 |      |
        | x006C | 0000000001101100 |      |
        | x0000 | 0000000000000000 |      |
        |       |                  |   93 | 
        |       |                  |   94 | VAL .BLKW x0
        |       |                  |   95 | 
        |       |                  |   96 | .END